mode: set
invoice-api/features/client/business/usecase.go:14.60,16.2 1 1
invoice-api/features/client/business/usecase.go:18.78,19.111 1 1
invoice-api/features/client/business/usecase.go:23.2,24.16 2 1
invoice-api/features/client/business/usecase.go:27.2,27.13 1 1
invoice-api/features/client/business/usecase.go:32.2,32.64 1 1
invoice-api/features/client/business/usecase.go:35.2,35.12 1 1
invoice-api/features/client/business/usecase.go:19.111,21.3 1 1
invoice-api/features/client/business/usecase.go:24.16,26.3 1 1
invoice-api/features/client/business/usecase.go:27.13,30.3 2 1
invoice-api/features/client/business/usecase.go:32.64,34.3 1 0
invoice-api/features/client/business/usecase.go:38.102,41.16 2 1
invoice-api/features/client/business/usecase.go:44.2,44.21 1 1
invoice-api/features/client/business/usecase.go:41.16,43.3 1 1
invoice-api/features/client/business/usecase.go:47.85,50.16 2 1
invoice-api/features/client/business/usecase.go:53.2,53.20 1 1
invoice-api/features/client/business/usecase.go:50.16,52.3 1 1
invoice-api/features/client/business/usecase.go:56.78,57.111 1 1
invoice-api/features/client/business/usecase.go:61.2,62.16 2 1
invoice-api/features/client/business/usecase.go:65.2,65.13 1 1
invoice-api/features/client/business/usecase.go:70.2,71.16 2 1
invoice-api/features/client/business/usecase.go:74.2,74.12 1 1
invoice-api/features/client/business/usecase.go:57.111,59.3 1 1
invoice-api/features/client/business/usecase.go:62.16,64.3 1 1
invoice-api/features/client/business/usecase.go:65.13,68.3 2 1
invoice-api/features/client/business/usecase.go:71.16,73.3 1 0
