mode: set
invoice-api/features/client/business/usecase.go:14.60,16.2 1 1
invoice-api/features/client/business/usecase.go:18.99,19.111 1 1
invoice-api/features/client/business/usecase.go:23.2,24.16 2 1
invoice-api/features/client/business/usecase.go:27.2,27.13 1 1
invoice-api/features/client/business/usecase.go:32.2,33.16 2 1
invoice-api/features/client/business/usecase.go:36.2,36.20 1 1
invoice-api/features/client/business/usecase.go:19.111,21.3 1 1
invoice-api/features/client/business/usecase.go:24.16,26.3 1 1
invoice-api/features/client/business/usecase.go:27.13,30.3 2 1
invoice-api/features/client/business/usecase.go:33.16,35.3 1 0
invoice-api/features/client/business/usecase.go:39.102,42.16 2 1
invoice-api/features/client/business/usecase.go:45.2,45.21 1 1
invoice-api/features/client/business/usecase.go:42.16,44.3 1 1
invoice-api/features/client/business/usecase.go:48.85,51.16 2 1
invoice-api/features/client/business/usecase.go:54.2,54.20 1 1
invoice-api/features/client/business/usecase.go:51.16,53.3 1 1
invoice-api/features/client/business/usecase.go:57.78,58.111 1 1
invoice-api/features/client/business/usecase.go:62.2,63.16 2 1
invoice-api/features/client/business/usecase.go:66.2,66.13 1 1
invoice-api/features/client/business/usecase.go:71.2,72.16 2 1
invoice-api/features/client/business/usecase.go:75.2,75.12 1 1
invoice-api/features/client/business/usecase.go:58.111,60.3 1 1
invoice-api/features/client/business/usecase.go:63.16,65.3 1 1
invoice-api/features/client/business/usecase.go:66.13,69.3 2 1
invoice-api/features/client/business/usecase.go:72.16,74.3 1 0
