mode: set
invoice-api/features/billissuer/business/usecase.go:15.72,17.2 1 1
invoice-api/features/billissuer/business/usecase.go:19.123,20.111 1 1
invoice-api/features/billissuer/business/usecase.go:24.2,25.16 2 1
invoice-api/features/billissuer/business/usecase.go:28.2,28.13 1 1
invoice-api/features/billissuer/business/usecase.go:33.2,34.16 2 1
invoice-api/features/billissuer/business/usecase.go:37.2,37.20 1 1
invoice-api/features/billissuer/business/usecase.go:20.111,22.3 1 1
invoice-api/features/billissuer/business/usecase.go:25.16,27.3 1 1
invoice-api/features/billissuer/business/usecase.go:28.13,31.3 2 1
invoice-api/features/billissuer/business/usecase.go:34.16,36.3 1 1
invoice-api/features/billissuer/business/usecase.go:40.123,43.16 2 1
invoice-api/features/billissuer/business/usecase.go:46.2,47.16 2 1
invoice-api/features/billissuer/business/usecase.go:50.2,50.20 1 1
invoice-api/features/billissuer/business/usecase.go:43.16,45.3 1 1
invoice-api/features/billissuer/business/usecase.go:47.16,49.3 1 0
invoice-api/features/billissuer/business/usecase.go:53.101,56.16 2 1
invoice-api/features/billissuer/business/usecase.go:59.2,59.20 1 1
invoice-api/features/billissuer/business/usecase.go:56.16,58.3 1 1
invoice-api/features/billissuer/business/usecase.go:62.95,63.94 1 1
invoice-api/features/billissuer/business/usecase.go:67.2,68.16 2 1
invoice-api/features/billissuer/business/usecase.go:71.2,71.13 1 1
invoice-api/features/billissuer/business/usecase.go:76.2,77.16 2 1
invoice-api/features/billissuer/business/usecase.go:81.2,81.12 1 1
invoice-api/features/billissuer/business/usecase.go:63.94,65.3 1 1
invoice-api/features/billissuer/business/usecase.go:68.16,70.3 1 1
invoice-api/features/billissuer/business/usecase.go:71.13,74.3 2 1
invoice-api/features/billissuer/business/usecase.go:77.16,79.3 1 0
invoice-api/features/billissuer/business/usecase.go:84.126,87.16 2 1
invoice-api/features/billissuer/business/usecase.go:90.2,90.25 1 1
invoice-api/features/billissuer/business/usecase.go:87.16,89.3 1 1
