mode: set
invoice-api/features/billissuerdetail/business/usecase.go:15.118,20.2 1 1
invoice-api/features/billissuerdetail/business/usecase.go:22.119,23.150 1 0
invoice-api/features/billissuerdetail/business/usecase.go:27.2,28.16 2 0
invoice-api/features/billissuerdetail/business/usecase.go:32.2,33.16 2 0
invoice-api/features/billissuerdetail/business/usecase.go:36.2,36.12 1 0
invoice-api/features/billissuerdetail/business/usecase.go:23.150,25.3 1 0
invoice-api/features/billissuerdetail/business/usecase.go:28.16,30.3 1 0
invoice-api/features/billissuerdetail/business/usecase.go:33.16,35.3 1 0
invoice-api/features/billissuerdetail/business/usecase.go:39.125,42.16 2 1
invoice-api/features/billissuerdetail/business/usecase.go:45.2,45.21 1 1
invoice-api/features/billissuerdetail/business/usecase.go:42.16,44.3 1 1
