mode: set
invoice-api/features/invoice/business/usecase.go:15.63,17.2 1 1
invoice-api/features/invoice/business/usecase.go:19.82,21.28 2 1
invoice-api/features/invoice/business/usecase.go:28.2,29.67 2 1
invoice-api/features/invoice/business/usecase.go:32.2,32.12 1 1
invoice-api/features/invoice/business/usecase.go:21.28,23.3 1 1
invoice-api/features/invoice/business/usecase.go:23.8,23.36 1 1
invoice-api/features/invoice/business/usecase.go:23.36,25.3 1 1
invoice-api/features/invoice/business/usecase.go:25.8,25.36 1 1
invoice-api/features/invoice/business/usecase.go:25.36,27.3 1 1
invoice-api/features/invoice/business/usecase.go:29.67,31.3 1 1
invoice-api/features/invoice/business/usecase.go:35.85,38.16 2 0
invoice-api/features/invoice/business/usecase.go:41.2,43.20 2 0
invoice-api/features/invoice/business/usecase.go:38.16,40.3 1 0
invoice-api/features/invoice/business/usecase.go:46.107,49.16 2 1
invoice-api/features/invoice/business/usecase.go:52.2,52.22 1 1
invoice-api/features/invoice/business/usecase.go:49.16,51.3 1 1
invoice-api/features/invoice/business/usecase.go:55.64,56.65 1 1
invoice-api/features/invoice/business/usecase.go:59.2,59.12 1 1
invoice-api/features/invoice/business/usecase.go:56.65,58.3 1 1
invoice-api/features/invoice/business/usecase.go:62.88,65.16 2 1
invoice-api/features/invoice/business/usecase.go:68.2,68.20 1 1
invoice-api/features/invoice/business/usecase.go:65.16,67.3 1 1
invoice-api/features/invoice/business/usecase.go:71.101,72.62 1 1
invoice-api/features/invoice/business/usecase.go:75.2,77.16 2 1
invoice-api/features/invoice/business/usecase.go:80.2,80.22 1 1
invoice-api/features/invoice/business/usecase.go:72.62,74.3 1 1
invoice-api/features/invoice/business/usecase.go:77.16,79.3 1 1
invoice-api/features/invoice/business/usecase.go:83.82,84.40 1 1
invoice-api/features/invoice/business/usecase.go:88.2,89.16 2 1
invoice-api/features/invoice/business/usecase.go:93.2,95.12 2 0
invoice-api/features/invoice/business/usecase.go:84.40,86.3 1 1
invoice-api/features/invoice/business/usecase.go:89.16,91.3 1 1
invoice-api/features/invoice/business/usecase.go:98.92,101.16 2 1
invoice-api/features/invoice/business/usecase.go:104.2,104.22 1 1
invoice-api/features/invoice/business/usecase.go:101.16,103.3 1 1
invoice-api/features/invoice/business/usecase.go:107.97,108.26 1 1
invoice-api/features/invoice/business/usecase.go:111.2,113.16 2 1
invoice-api/features/invoice/business/usecase.go:116.2,116.22 1 1
invoice-api/features/invoice/business/usecase.go:108.26,110.3 1 1
invoice-api/features/invoice/business/usecase.go:113.16,115.3 1 1
