mode: set
invoice-api/features/invoice/business/usecase.go:15.63,17.2 1 1
invoice-api/features/invoice/business/usecase.go:19.82,21.28 2 1
invoice-api/features/invoice/business/usecase.go:28.2,29.67 2 1
invoice-api/features/invoice/business/usecase.go:32.2,32.12 1 1
invoice-api/features/invoice/business/usecase.go:21.28,23.3 1 0
invoice-api/features/invoice/business/usecase.go:23.8,23.36 1 1
invoice-api/features/invoice/business/usecase.go:23.36,25.3 1 0
invoice-api/features/invoice/business/usecase.go:25.8,25.36 1 1
invoice-api/features/invoice/business/usecase.go:25.36,27.3 1 0
invoice-api/features/invoice/business/usecase.go:29.67,31.3 1 1
invoice-api/features/invoice/business/usecase.go:35.85,38.16 2 0
invoice-api/features/invoice/business/usecase.go:42.2,50.20 7 0
invoice-api/features/invoice/business/usecase.go:38.16,40.3 1 0
invoice-api/features/invoice/business/usecase.go:53.107,56.16 2 1
invoice-api/features/invoice/business/usecase.go:59.2,59.22 1 1
invoice-api/features/invoice/business/usecase.go:56.16,58.3 1 1
invoice-api/features/invoice/business/usecase.go:62.64,63.65 1 1
invoice-api/features/invoice/business/usecase.go:66.2,66.12 1 0
invoice-api/features/invoice/business/usecase.go:63.65,65.3 1 1
invoice-api/features/invoice/business/usecase.go:69.88,77.16 2 1
invoice-api/features/invoice/business/usecase.go:80.2,80.20 1 1
invoice-api/features/invoice/business/usecase.go:77.16,79.3 1 1
invoice-api/features/invoice/business/usecase.go:83.101,84.62 1 1
invoice-api/features/invoice/business/usecase.go:87.2,89.16 2 1
invoice-api/features/invoice/business/usecase.go:92.2,92.22 1 1
invoice-api/features/invoice/business/usecase.go:84.62,86.3 1 1
invoice-api/features/invoice/business/usecase.go:89.16,91.3 1 1
invoice-api/features/invoice/business/usecase.go:95.82,96.40 1 1
invoice-api/features/invoice/business/usecase.go:100.2,101.16 2 1
invoice-api/features/invoice/business/usecase.go:104.2,104.12 1 0
invoice-api/features/invoice/business/usecase.go:96.40,98.3 1 1
invoice-api/features/invoice/business/usecase.go:101.16,103.3 1 1
